Log file open, 12/13/17 14:57:41
LogWindows: Failed to load 'aqProf.dll' (GetLastError=126)
LogWindows: File 'aqProf.dll' does not exist
LogWindows: Failed to load 'VtuneApi.dll' (GetLastError=126)
LogWindows: File 'VtuneApi.dll' does not exist
LogWindows: Failed to load 'VtuneApi32e.dll' (GetLastError=126)
LogWindows: File 'VtuneApi32e.dll' does not exist
LogInit: Display: Running engine for game: DontDropTheCargo
LogPlatformFile: Not using cached read wrapper
LogInit: Display: RandInit(-571835145) SRandInit(-571835145).
LogTaskGraph: Started task graph with 5 named threads and 8 total threads with 3 sets of task threads.
LogStats: Stats thread started at 0.189376
LogD3D11RHI: Aftermath initialized
LogPluginManager: Mounting plugin Paper2D
LogPluginManager: Mounting plugin LightPropagationVolume
LogPluginManager: Mounting plugin CodeLiteSourceCodeAccess
LogPluginManager: Mounting plugin GitSourceControl
LogPluginManager: Mounting plugin KDevelopSourceCodeAccess
LogPluginManager: Mounting plugin NullSourceCodeAccess
LogPluginManager: Mounting plugin PerforceSourceControl
LogPluginManager: Mounting plugin SubversionSourceControl
LogPluginManager: Mounting plugin UObjectPlugin
LogPluginManager: Mounting plugin VisualStudioSourceCodeAccess
LogPluginManager: Mounting plugin XCodeSourceCodeAccess
LogPluginManager: Mounting plugin AssetManagerEditor
LogPluginManager: Mounting plugin AudioCapture
LogPluginManager: Mounting plugin FacialAnimation
LogPluginManager: Mounting plugin GameplayTagsEditor
LogPluginManager: Mounting plugin MobileLauncherProfileWizard
LogPluginManager: Mounting plugin PluginBrowser
LogPluginManager: Mounting plugin SpeedTreeImporter
LogPluginManager: Mounting plugin AlembicImporter
LogPluginManager: Mounting plugin CharacterAI
LogPluginManager: Mounting plugin HTML5Networking
LogPluginManager: Mounting plugin AndroidMedia
LogPluginManager: Mounting plugin AvfMedia
LogPluginManager: Mounting plugin MediaPlayerEditor
LogPluginManager: Mounting plugin WmfMedia
LogPluginManager: Mounting plugin TcpMessaging
LogPluginManager: Mounting plugin UdpMessaging
LogPluginManager: Mounting plugin LevelSequenceEditor
LogPluginManager: Mounting plugin MatineeToLevelSequence
LogPluginManager: Mounting plugin OnlineSubsystemGooglePlay
LogPluginManager: Mounting plugin OnlineSubsystemIOS
LogPluginManager: Mounting plugin OnlineSubsystem
LogPluginManager: Mounting plugin OnlineSubsystemNull
LogPluginManager: Mounting plugin OnlineSubsystemUtils
LogPluginManager: Mounting plugin AndroidDeviceProfileSelector
LogPluginManager: Mounting plugin AndroidMoviePlayer
LogPluginManager: Mounting plugin AndroidPermission
LogPluginManager: Mounting plugin AppleMoviePlayer
LogPluginManager: Mounting plugin ArchVisCharacter
LogPluginManager: Mounting plugin CableComponent
LogPluginManager: Mounting plugin CustomMeshComponent
LogPluginManager: Mounting plugin ExampleDeviceProfileSelector
LogPluginManager: Mounting plugin GoogleCloudMessaging
LogPluginManager: Mounting plugin ImmediatePhysics
LogPluginManager: Mounting plugin IOSDeviceProfileSelector
LogPluginManager: Mounting plugin LinuxDeviceProfileSelector
LogPluginManager: Mounting plugin LocationServicesBPLibrary
LogPluginManager: Mounting plugin MobilePatchingUtils
LogPluginManager: Mounting plugin OculusVR
LogPluginManager: Mounting plugin PhysXVehicles
LogPluginManager: Mounting plugin ProceduralMeshComponent
LogPluginManager: Mounting plugin RuntimePhysXCooking
LogPluginManager: Mounting plugin SteamVR
LogPluginManager: Mounting plugin WindowsMoviePlayer
LogInit: Using libcurl 7.47.1
LogInit:  - built for x86_64-pc-win32
LogInit:  - supports SSL with OpenSSL/1.0.2g
LogInit:  - supports HTTP deflate (compression) using libz 1.2.8
LogInit:  - other features:
LogInit:      CURL_VERSION_SSL
LogInit:      CURL_VERSION_LIBZ
LogInit:      CURL_VERSION_IPV6
LogInit:      CURL_VERSION_ASYNCHDNS
LogInit:      CURL_VERSION_LARGEFILE
LogInit:      CURL_VERSION_IDN
LogInit:  CurlRequestOptions (configurable via config and command line):
LogInit:  - bVerifyPeer = false  - Libcurl will NOT verify peer certificate
LogInit:  - bUseHttpProxy = false  - Libcurl will NOT use HTTP proxy
LogInit:  - bDontReuseConnections = false  - Libcurl will reuse connections
LogInit:  - CertBundlePath = nullptr  - Libcurl will use whatever was configured at build time.
LogInit: Build: ++UE4+Release-4.17-CL-3658906
LogInit: Engine Version: 4.17.2-3658906+++UE4+Release-4.17
LogInit: Compatible Engine Version: 4.17.0-3573198+++UE4+Release-4.17
LogInit: Net CL: 3573198
LogDevObjectVersion: Number of dev versions registered: 16
LogDevObjectVersion:   Dev-Blueprints (B0D832E4-1F89-4F0D-ACCF-7EB736FD4AA2): 10
LogDevObjectVersion:   Dev-Build (E1C64328-A22C-4D53-A36C-8E866417BD8C): 0
LogDevObjectVersion:   Dev-Core (375EC13C-06E4-48FB-B500-84F0262A717E): 2
LogDevObjectVersion:   Dev-Editor (E4B068ED-F494-42E9-A231-DA0B2E46BB41): 20
LogDevObjectVersion:   Dev-Framework (CFFC743F-43B0-4480-9391-14DF171D2073): 28
LogDevObjectVersion:   Dev-Mobile (B02B49B5-BB20-44E9-A304-32B752E40360): 0
LogDevObjectVersion:   Dev-Networking (A4E4105C-59A1-49B5-A7C5-40C4547EDFEE): 0
LogDevObjectVersion:   Dev-Online (39C831C9-5AE6-47DC-9A44-9C173E1C8E7C): 0
LogDevObjectVersion:   Dev-Physics (78F01B33-EBEA-4F98-B9B4-84EACCB95AA2): 0
LogDevObjectVersion:   Dev-Platform (6631380F-2D4D-43E0-8009-CF276956A95A): 0
LogDevObjectVersion:   Dev-Rendering (12F88B9F-8875-4AFC-A67C-D90C383ABD29): 19
LogDevObjectVersion:   Dev-Sequencer (7B5AE74C-D270-4C10-A958-57980B212A5A): 4
LogDevObjectVersion:   Dev-VR (D7296918-1DD6-4BDD-9DE2-64A83CC13884): 0
LogDevObjectVersion:   Dev-LoadTimes (C2A15278-BFE7-4AFE-6C17-90FF531DF755): 1
LogDevObjectVersion:   Private-Geometry (6EACA3D4-40EC-4CC1-B786-8BED09428FC5): 1
LogDevObjectVersion:   Dev-AnimPhys (29E575DD-E0A3-4627-9D10-D276232CDCEA): 7
LogInit: Compiled (64-bit): Sep 22 2017 13:47:16
LogInit: Compiled with Visual C++: 19.00.24215.01
LogInit: Build Configuration: Development
LogInit: Branch Name: ++UE4+Release-4.17
LogInit: Command line:  
LogInit: Base directory: C:/Program Files/Epic Games/UE_4.17/Engine/Binaries/Win64/
LogInit: Installed Engine Build: 1
LogInit: Presizing for max 8388607 objects, including 0 objects not considered by GC, pre-allocating 0 bytes for permanent pool.
LogInit: Object subsystem initialized
[2017.12.13-14.57.43:928][  0]LogInit: Selected Device Profile: [Windows]
[2017.12.13-14.57.43:928][  0]LogInit: Applying CVar settings loaded from the selected device profile: [Windows]
[2017.12.13-14.57.44:029][  0]LogInit: Computer: LAPTOP-HOJJGP5S
[2017.12.13-14.57.44:029][  0]LogInit: User: Tristan
[2017.12.13-14.57.44:029][  0]LogInit: CPU Page size=4096, Cores=2
[2017.12.13-14.57.44:029][  0]LogInit: High frequency timer resolution =2.343752 MHz
[2017.12.13-14.57.44:029][  0]LogMemory: Memory total: Physical=7.8GB (8GB approx)
[2017.12.13-14.57.44:029][  0]LogMemory: Platform Memory Stats for Windows
[2017.12.13-14.57.44:029][  0]LogMemory: Process Physical Memory: 278.46 MB used, 278.46 MB peak
[2017.12.13-14.57.44:029][  0]LogMemory: Process Virtual Memory: 276.16 MB used, 276.16 MB peak
[2017.12.13-14.57.44:029][  0]LogMemory: Physical Memory: 4179.84 MB used,  3851.00 MB free, 8030.84 MB total
[2017.12.13-14.57.44:029][  0]LogMemory: Virtual Memory: 667.14 MB used,  3851.00 MB free, 134217728.00 MB total
[2017.12.13-14.57.44:855][  0]LogInit: Using OS detected language (en-GB).
[2017.12.13-14.57.44:855][  0]LogInit: Using OS detected locale (en-GB).
[2017.12.13-14.57.45:251][  0]LogTextLocalizationManager: No specific localization for 'en-GB' exists, so the 'en' localization will be used.
[2017.12.13-14.57.57:507][  0]LogD3D11RHI: D3D11 adapters:
[2017.12.13-14.57.57:731][  0]LogD3D11RHI:    0. 'NVIDIA GeForce 940M' (Feature Level 11_0)
[2017.12.13-14.57.57:731][  0]LogD3D11RHI:       2020/0/4015 MB DedicatedVideo/DedicatedSystem/SharedSystem, Outputs:1, VendorId:0x10de
[2017.12.13-14.57.57:798][  0]LogD3D11RHI:    1. 'Intel(R) HD Graphics 520' (Feature Level 11_0)
[2017.12.13-14.57.57:798][  0]LogD3D11RHI:       128/0/4015 MB DedicatedVideo/DedicatedSystem/SharedSystem, Outputs:0, VendorId:0x8086
[2017.12.13-14.57.57:837][  0]LogD3D11RHI:    2. 'Microsoft Basic Render Driver' (Feature Level 11_0)
[2017.12.13-14.57.57:837][  0]LogD3D11RHI:       0/0/4015 MB DedicatedVideo/DedicatedSystem/SharedSystem, Outputs:0, VendorId:0x1414
[2017.12.13-14.57.57:837][  0]LogD3D11RHI: Chosen D3D11 Adapter: 0
[2017.12.13-14.57.57:843][  0]LogD3D11RHI: Creating new Direct3DDevice
[2017.12.13-14.57.57:843][  0]LogD3D11RHI:     GPU DeviceId: 0x1347 (for the marketing name, search the web for "GPU Device Id")
[2017.12.13-14.57.57:843][  0]LogWindows: EnumDisplayDevices:
[2017.12.13-14.57.57:843][  0]LogWindows:    0. 'Intel(R) HD Graphics 520' (P:1 D:1)
[2017.12.13-14.57.57:843][  0]LogWindows:    1. 'Intel(R) HD Graphics 520' (P:0 D:0)
[2017.12.13-14.57.57:844][  0]LogWindows:    2. 'Intel(R) HD Graphics 520' (P:0 D:0)
[2017.12.13-14.57.57:844][  0]LogWindows: DebugString: PrimaryIsNotTheChoosenAdapter PrimaryIsNotTheChoosenAdapter PrimaryIsNotTheChoosenAdapter FoundDriverCount:0 
[2017.12.13-14.57.57:844][  0]LogD3D11RHI:     Adapter Name: NVIDIA GeForce 940M
[2017.12.13-14.57.57:844][  0]LogD3D11RHI:   Driver Version: Unknown (internal:Unknown, unified:Unknown)
[2017.12.13-14.57.57:844][  0]LogD3D11RHI:      Driver Date: Unknown
[2017.12.13-14.57.57:844][  0]LogRHI: Texture pool is 1361 MB (70% of 1945 MB)
[2017.12.13-14.57.57:887][  0]LogD3D11RHI: Async texture creation enabled
[2017.12.13-14.57.57:906][  0]LogD3D11RHI: GPU Timing Frequency: 1000.000000 (Debug: 2 2)
[2017.12.13-14.57.57:907][  0]LogShaderCompilers: Guid format shader working directory is -9 characters bigger than the processId version (F:/UNI2017-2018/COMP210_2_interace_task/DontDropTheCargo/Intermediate/Shaders/WorkingDirectory/14628/).
[2017.12.13-14.57.57:927][  0]LogShaderCompilers: Cleaned the shader compiler working directory 'C:/Users/Tristan/AppData/Local/Temp/UnrealShaderWorkingDir/429C415B425F0C4E5353A5B035B01F07/'.
[2017.12.13-14.57.57:927][  0]LogShaderCompilers: Display: Using Local Shader Compiler.
[2017.12.13-14.58.05:774][  0]LogTemp: Display: Loaded TP AllDesktopTargetPlatform
[2017.12.13-14.58.05:860][  0]LogTemp: Display: Loaded TP MacClientTargetPlatform
[2017.12.13-14.58.05:937][  0]LogTemp: Display: Loaded TP MacNoEditorTargetPlatform
[2017.12.13-14.58.06:014][  0]LogTemp: Display: Loaded TP MacServerTargetPlatform
[2017.12.13-14.58.06:170][  0]LogTemp: Display: Loaded TP MacTargetPlatform
[2017.12.13-14.58.06:267][  0]LogTemp: Display: Loaded TP WindowsClientTargetPlatform
[2017.12.13-14.58.06:346][  0]LogTemp: Display: Loaded TP WindowsNoEditorTargetPlatform
[2017.12.13-14.58.06:427][  0]LogTemp: Display: Loaded TP WindowsServerTargetPlatform
[2017.12.13-14.58.06:492][  0]LogTemp: Display: Loaded TP WindowsTargetPlatform
[2017.12.13-14.58.06:616][  0]LogTemp: Display: Loaded TP AndroidTargetPlatform
[2017.12.13-14.58.06:702][  0]LogTemp: Display: Loaded TP Android_ASTCTargetPlatform
[2017.12.13-14.58.06:775][  0]LogTemp: Display: Loaded TP Android_ATCTargetPlatform
[2017.12.13-14.58.06:847][  0]LogTemp: Display: Loaded TP Android_DXTTargetPlatform
[2017.12.13-14.58.06:930][  0]LogTemp: Display: Loaded TP Android_ETC1TargetPlatform
[2017.12.13-14.58.07:007][  0]LogTemp: Display: Loaded TP Android_ETC2TargetPlatform
[2017.12.13-14.58.07:155][  0]LogTemp: Display: Loaded TP Android_MultiTargetPlatform
[2017.12.13-14.58.07:155][  0]LogTemp: Display: Loaded TP Android_PVRTCTargetPlatform
[2017.12.13-14.58.07:274][  0]LogTemp: Display: Loaded TP HTML5TargetPlatform
[2017.12.13-14.58.07:461][  0]LogTemp: Display: Loaded TP IOSTargetPlatform
[2017.12.13-14.58.07:505][  0]LogTemp: Display: Loaded TP TVOSTargetPlatform
[2017.12.13-14.58.07:587][  0]LogTemp: Display: Loaded TP LinuxClientTargetPlatform
[2017.12.13-14.58.07:669][  0]LogTemp: Display: Loaded TP LinuxNoEditorTargetPlatform
[2017.12.13-14.58.07:745][  0]LogTemp: Display: Loaded TP LinuxServerTargetPlatform
[2017.12.13-14.58.07:883][  0]LogTemp: Display: Loaded TP LinuxTargetPlatform
[2017.12.13-14.58.07:883][  0]LogTargetPlatformManager: Display: Building Assets For Windows
[2017.12.13-14.58.09:278][  0]LogDerivedDataCache: Display: Max Cache Size: 512 MB
[2017.12.13-14.58.10:474][  0]LogDerivedDataCache: Loaded boot cache 1.20s 106MB C:/Users/Tristan/AppData/Local/UnrealEngine/4.17/DerivedDataCache/Boot.ddc.
[2017.12.13-14.58.10:474][  0]LogDerivedDataCache: Display: Loaded Boot cache: C:/Users/Tristan/AppData/Local/UnrealEngine/4.17/DerivedDataCache/Boot.ddc
[2017.12.13-14.58.10:475][  0]LogDerivedDataCache: FDerivedDataBackendGraph:  Pak pak cache file F:/UNI2017-2018/COMP210_2_interace_task/DontDropTheCargo/DerivedDataCache/DDC.ddp not found, will not use a pak cache.
[2017.12.13-14.58.10:475][  0]LogDerivedDataCache: Unable to find inner node Pak for hierarchical cache Hierarchy.
[2017.12.13-14.58.10:475][  0]LogDerivedDataCache: FDerivedDataBackendGraph:  CompressedPak pak cache file F:/UNI2017-2018/COMP210_2_interace_task/DontDropTheCargo/DerivedDataCache/Compressed.ddp not found, will not use a pak cache.
[2017.12.13-14.58.10:475][  0]LogDerivedDataCache: Unable to find inner node CompressedPak for hierarchical cache Hierarchy.
[2017.12.13-14.58.10:571][  0]LogDerivedDataCache: Display: Pak cache opened for reading ../../../Engine/DerivedDataCache/Compressed.ddp.
[2017.12.13-14.58.10:601][  0]LogDerivedDataCache: Using Local data cache path C:/Users/Tristan/AppData/Local/UnrealEngine/Common/DerivedDataCache: Writable
[2017.12.13-14.58.10:616][  0]LogMaterial: Verifying Global Shaders for PCD3D_SM5
[2017.12.13-14.58.10:616][  0]LogSlate: Using Freetype 2.6.0
[2017.12.13-14.58.10:748][  0]LogSlate: SlateFontCache - WITH_FREETYPE: 1, WITH_HARFBUZZ: 1
[2017.12.13-14.58.10:748][  0]LogSlate: SlateFontCache - WITH_FREETYPE: 1, WITH_HARFBUZZ: 1
[2017.12.13-14.58.16:107][  0]LogAssetRegistry: FAssetRegistry took 0.0296 seconds to start up
[2017.12.13-14.58.16:429][  0]LogInit: Selected Device Profile: [Windows]
[2017.12.13-14.58.20:340][  0]LogContentStreaming: Texture pool size is 0.00 MB
[2017.12.13-14.58.22:313][  0]LogSimplygon: Simplygon DLL not present - disabling.
[2017.12.13-14.58.22:419][  0]LogMeshReduction: Using SimplygonSwarm for distributed automatic mesh merging
[2017.12.13-14.58.22:419][  0]LogMeshReduction: Using QuadricMeshReduction for automatic static mesh reduction
[2017.12.13-14.58.22:419][  0]LogMeshReduction: No automatic skeletal mesh reduction module available
[2017.12.13-14.58.22:419][  0]LogMeshReduction: No automatic mesh merging module available
[2017.12.13-14.58.22:419][  0]LogMeshMerging: No automatic mesh merging module available
[2017.12.13-14.58.26:522][  0]LogNetVersion: DontDropTheCargo , NetCL: 3573198, EngineNetVer: 2, GameNetVer: 0 (Checksum: 1598345039)
[2017.12.13-14.58.28:861][  0]LogPackageLocalizationCache: Processed 5 localized package path(s) for 2 prioritized culture(s) in 0.087792 seconds
[2017.12.13-14.58.28:873][  0]LogUObjectArray: 35825 objects as part of root set at end of initial load.
[2017.12.13-14.58.28:873][  0]LogUObjectAllocator: 7529104 out of 0 bytes used by permanent object pool.
[2017.12.13-14.58.28:873][  0]LogUObjectArray: CloseDisregardForGC: 0/0 objects in disregard for GC pool
[2017.12.13-14.58.28:987][  0]LogInit: WinSock: version 1.1 (2.2), MaxSocks=32767, MaxUdp=65467
[2017.12.13-14.59.22:767][  0]LogTcpMessaging: Initializing TcpMessaging bridge
[2017.12.13-14.59.22:846][  0]LogUdpMessaging: Initializing bridge on interface 0.0.0.0:0 to multicast group 230.0.0.1:6666.
[2017.12.13-14.59.24:445][  0]LogMaterial: Uniform references updated for custom material expression Custom.
[2017.12.13-14.59.25:206][  0]SourceControl: Source control is disabled
[2017.12.13-14.59.25:206][  0]SourceControl: Source control is disabled
[2017.12.13-14.59.25:310][  0]SourceControl: Source control is disabled
[2017.12.13-14.59.25:392][  0]SourceControl: Source control is disabled
[2017.12.13-14.59.26:573][  0]LogAndroidPermission: UAndroidPermissionCallbackProxy::GetInstance
[2017.12.13-14.59.26:968][  0]LogOcInput: OculusInput pre-init called
[2017.12.13-14.59.27:405][  0]LogEngine: Initializing Engine...
[2017.12.13-14.59.27:407][  0]LogHMD: Failed to initialize OpenVR with code 110
[2017.12.13-14.59.27:936][  0]LogStats: UGameplayTagsManager::ConstructGameplayTagTree: Construct from data asset -  0.000 s
[2017.12.13-14.59.27:936][  0]LogStats: UGameplayTagsManager::ConstructGameplayTagTree: GameplayTagTreeChangedEvent.Broadcast -  0.000 s
[2017.12.13-14.59.28:169][  0]LogAIModule: Creating AISystem for world Untitled
[2017.12.13-14.59.28:262][  0]LogInit: XAudio2 using 'Speaker/HP (Realtek High Definition Audio)' : 2 channels at 48 kHz using 32 bits per sample (channel mask 0x3)
[2017.12.13-14.59.28:574][  0]LogInit: FAudioDevice initialized.
[2017.12.13-14.59.28:990][  0]LogDerivedDataCache: Saved boot cache 0.42s 106MB C:/Users/Tristan/AppData/Local/UnrealEngine/4.17/DerivedDataCache/Boot.ddc.
[2017.12.13-14.59.29:015][  0]LogInit: Texture streaming: Enabled
[2017.12.13-14.59.29:279][  0]LogEngineSessionManager: EngineSessionManager initialized
[2017.12.13-14.59.29:757][  0]LogInit: Transaction tracking system initialized
[2017.12.13-14.59.30:442][  0]BlueprintLog: New page: Editor Load
[2017.12.13-14.59.32:133][  0]LocalizationService: Localization service is disabled
[2017.12.13-14.59.33:420][  0]LogConsoleResponse: Display: 
[2017.12.13-14.59.35:876][  0]LogCook: Display: Max memory allowance for cook 16384mb min free memory 0mb
[2017.12.13-14.59.35:876][  0]LogCook: Display: Mobile HDR setting 1
[2017.12.13-14.59.35:877][  0]LogGameplayTags: Display: UGameplayTagsManager::DoneAddingNativeTags. DelegateIsBound: 0
[2017.12.13-14.59.36:390][  0]LogFileCache: Scanning file cache for directory 'F:/UNI2017-2018/COMP210_2_interace_task/DontDropTheCargo/Content/' took 0.02s
[2017.12.13-14.59.39:090][  0]SourceControl: Source control is disabled
[2017.12.13-14.59.39:090][  0]Cmd: MAP LOAD FILE="F:/UNI2017-2018/COMP210_2_interace_task/DontDropTheCargo/Content/VirtualRealityBP/Maps/MainMap.umap" TEMPLATE=0 SHOWPROGRESS=1 FEATURELEVEL=3
[2017.12.13-14.59.39:091][  0]LightingResults: New page: Lighting Build
[2017.12.13-14.59.39:153][  0]MapCheck: New page: Map Check
[2017.12.13-14.59.39:153][  0]LightingResults: New page: Lighting Build
[2017.12.13-14.59.42:546][  0]LogAIModule: Creating AISystem for world MainMap
[2017.12.13-14.59.42:702][  0]LogEditorServer: Finished looking for orphan Actors (0.000 secs)
[2017.12.13-14.59.42:750][  0]Cmd: MAP CHECKDEP NOCLEARLOG
[2017.12.13-14.59.42:831][  0]MapCheck: Map check complete: 0 Error(s), 0 Warning(s), took 79.837ms to complete.
[2017.12.13-14.59.42:831][  0]LogFileHelpers: Loading map 'MainMap' took 3.741
[2017.12.13-14.59.43:304][  0]LogCollectionManager: Loaded 0 collections in 0.002922 seconds
[2017.12.13-14.59.43:404][  0]LogFileCache: Scanning file cache for directory 'F:/UNI2017-2018/COMP210_2_interace_task/DontDropTheCargo/Saved/Collections/' took 0.01s
[2017.12.13-14.59.43:405][  0]LogFileCache: Scanning file cache for directory 'F:/UNI2017-2018/COMP210_2_interace_task/DontDropTheCargo/Content/Developers/Tristan/Collections/' took 0.01s
[2017.12.13-14.59.43:405][  0]LogFileCache: Scanning file cache for directory 'F:/UNI2017-2018/COMP210_2_interace_task/DontDropTheCargo/Content/Collections/' took 0.01s
[2017.12.13-14.59.43:405][  0]LogCollectionManager: Rebuilt the GUID cache for 0 collections in 0.000001 seconds
[2017.12.13-14.59.43:419][  0]LogContentBrowser: Native class hierarchy populated in 0.0141 seconds. Added 2389 classes and 502 folders.
[2017.12.13-14.59.43:516][  0]LogContentBrowser: Native class hierarchy updated for 'WidgetCarousel' in 0.0020 seconds. Added 0 classes and 0 folders.
[2017.12.13-14.59.46:267][  0]LogContentBrowser: Native class hierarchy updated for 'AddContentDialog' in 0.0019 seconds. Added 0 classes and 0 folders.
[2017.12.13-14.59.46:380][  0]LogContentBrowser: Native class hierarchy updated for 'SceneOutliner' in 0.0016 seconds. Added 1 classes and 2 folders.
[2017.12.13-14.59.46:572][  0]LogSlate: Took 0.020883 seconds to synchronously load lazily loaded font '../../../Engine/Content/Slate/Fonts/Roboto-Regular.ttf' (155K)
[2017.12.13-14.59.46:598][  0]LogSlate: Took 0.023582 seconds to synchronously load lazily loaded font '../../../Engine/Content/Slate/Fonts/Roboto-Bold.ttf' (160K)
[2017.12.13-14.59.46:627][  0]LogSlate: Took 0.021991 seconds to synchronously load lazily loaded font '../../../Engine/Content/Editor/Slate/Fonts/FontAwesome.ttf' (139K)
[2017.12.13-14.59.46:994][  0]LogRenderer: Reallocating scene render targets to support 1920x1080 Format 10 NumSamples 1 (Frame:1).
[2017.12.13-14.59.47:476][  0]LogContentBrowser: Native class hierarchy updated for 'HierarchicalLODOutliner' in 0.0020 seconds. Added 1 classes and 2 folders.
[2017.12.13-14.59.47:476][  0]LogLoad: (Engine Initialization) Total time: 133.28 seconds
[2017.12.13-14.59.47:476][  0]LogLoad: (Engine Initialization) Total Blueprint compile time: 0.00 seconds
[2017.12.13-14.59.47:476][  0]LogExternalProfiler: Found external profiler: VSPerf
[2017.12.13-14.59.47:476][  0]LogExternalProfiler: Using external profiler: VSPerf
[2017.12.13-14.59.47:513][  0]LogContentStreaming: Texture pool size now 1000 MB
[2017.12.13-14.59.47:625][  0]LogSlate: Took 0.017382 seconds to synchronously load lazily loaded font '../../../Engine/Content/Slate/Fonts/Roboto-Light.ttf' (159K)
[2017.12.13-14.59.47:763][  2]LogAssetRegistry: Asset discovery search completed in 91.6784 seconds
[2017.12.13-14.59.47:767][  2]LogCollectionManager: Rebuilt the object cache for 0 collections in 0.000001 seconds (found 0 objects)
[2017.12.13-14.59.47:767][  2]LogCollectionManager: Fixed up redirectors for 0 collections in 0.000084 seconds (updated 0 objects)
[2017.12.13-14.59.48:543][ 31]LogSlate: Took 0.000257 seconds to synchronously load lazily loaded font '../../../Engine/Content/Slate/Fonts/Roboto-Light.ttf' (159K)
[2017.12.13-15.00.25:443][ 73]LogSlate: Took 0.000204 seconds to synchronously load lazily loaded font '../../../Engine/Content/Slate/Fonts/Roboto-Light.ttf' (159K)
[2017.12.13-15.00.26:168][ 73]LogSlate: Took 0.000201 seconds to synchronously load lazily loaded font '../../../Engine/Content/Slate/Fonts/Roboto-Regular.ttf' (155K)
[2017.12.13-15.00.26:316][ 73]LogContentBrowser: Native class hierarchy updated for 'BlueprintGraph' in 0.0025 seconds. Added 113 classes and 0 folders.
[2017.12.13-15.00.27:854][ 73]LogSlate: Took 0.016794 seconds to synchronously load lazily loaded font '../../../Engine/Content/Editor/Slate/Fonts/Roboto-BoldCondensed.ttf' (158K)
[2017.12.13-15.00.28:338][ 74]LogSlate: Took 0.018747 seconds to synchronously load lazily loaded font '../../../Engine/Content/Editor/Slate/Fonts/Roboto-Italic.ttf' (157K)
[2017.12.13-15.00.44:040][961]LogBlueprint: Warning: Blueprint ShooterHand (child of/implements BP_MotionController) has a component variable with a conflicting name (StaticMesh). Changing to StaticMesh_1.
[2017.12.13-15.01.59:743][214]LogEditorTransaction: Undo Modify Component(s)
[2017.12.13-15.02.00:061][216]LogEditorTransaction: Undo Modify Component(s)
[2017.12.13-15.02.00:782][249]LogEditorTransaction: Undo Modify Component(s)
[2017.12.13-15.04.18:244][349]BlueprintLog: New page: Compile BP_MotionController
[2017.12.13-15.09.50:395][559]LogSavePackage: Save=752.43ms
[2017.12.13-15.09.50:395][559]LogSavePackage: Moving 'F:/UNI2017-2018/COMP210_2_interace_task/DontDropTheCargo/Saved/MainMap_Auto1C786364D4121B70486A8ADAB839AD58E.tmp' to 'F:/UNI2017-2018/COMP210_2_interace_task/DontDropTheCargo/Saved/Autosaves/Game/VirtualRealityBP/Maps/MainMap_Auto1.umap'
[2017.12.13-15.09.50:399][559]LogSavePackage: Display: Finished SavePackage F:/UNI2017-2018/COMP210_2_interace_task/DontDropTheCargo/Saved/Autosaves/Game/VirtualRealityBP/Maps/MainMap_Auto1.umap
[2017.12.13-15.09.50:403][559]LogFileHelpers: Editor autosave (incl. sublevels) for '/Game/VirtualRealityBP/Maps/MainMap' took 0.848
[2017.12.13-15.09.50:403][559]LogFileHelpers: Editor autosave (incl. sublevels) for all levels took 0.848
[2017.12.13-15.09.50:406][559]OBJ SavePackage: Generating thumbnails for [1] asset(s) in package [/Game/VirtualRealityBP/Blueprints/BP_MotionController] ([1] browsable assets)...
[2017.12.13-15.09.50:456][559]OBJ SavePackage:     Rendered thumbnail for [Blueprint /Game/VirtualRealityBP/Blueprints/BP_MotionController.BP_MotionController]
[2017.12.13-15.09.50:456][559]OBJ SavePackage: Finished generating thumbnails for package [/Game/VirtualRealityBP/Blueprints/BP_MotionController]
[2017.12.13-15.09.50:623][559]LogSavePackage: Save=148.63ms
[2017.12.13-15.09.50:623][559]LogSavePackage: Moving 'F:/UNI2017-2018/COMP210_2_interace_task/DontDropTheCargo/Saved/BP_MotionController_Auto1074C4D934FD83C0D57F2EB89D1D91AAC.tmp' to 'F:/UNI2017-2018/COMP210_2_interace_task/DontDropTheCargo/Saved/Autosaves/Game/VirtualRealityBP/Blueprints/BP_MotionController_Auto1.uasset'
[2017.12.13-15.09.50:626][559]LogSavePackage: Display: Finished SavePackage F:/UNI2017-2018/COMP210_2_interace_task/DontDropTheCargo/Saved/Autosaves/Game/VirtualRealityBP/Blueprints/BP_MotionController_Auto1.uasset
[2017.12.13-15.09.50:627][559]OBJ SavePackage: Generating thumbnails for [1] asset(s) in package [/Game/VirtualRealityBP/Blueprints/ShooterHand] ([1] browsable assets)...
[2017.12.13-15.09.50:674][559]OBJ SavePackage:     Rendered thumbnail for [Blueprint /Game/VirtualRealityBP/Blueprints/ShooterHand.ShooterHand]
[2017.12.13-15.09.50:674][559]OBJ SavePackage: Finished generating thumbnails for package [/Game/VirtualRealityBP/Blueprints/ShooterHand]
[2017.12.13-15.09.50:795][559]LogSavePackage: Save=102.39ms
[2017.12.13-15.09.50:795][559]LogSavePackage: Moving 'F:/UNI2017-2018/COMP210_2_interace_task/DontDropTheCargo/Saved/ShooterHand_Auto14D815A6840F1704B780A46A61DD0BC06.tmp' to 'F:/UNI2017-2018/COMP210_2_interace_task/DontDropTheCargo/Saved/Autosaves/Game/VirtualRealityBP/Blueprints/ShooterHand_Auto1.uasset'
[2017.12.13-15.09.50:797][559]LogSavePackage: Display: Finished SavePackage F:/UNI2017-2018/COMP210_2_interace_task/DontDropTheCargo/Saved/Autosaves/Game/VirtualRealityBP/Blueprints/ShooterHand_Auto1.uasset
[2017.12.13-15.09.50:797][559]LogFileHelpers: Auto-saving content packages took 0.391
[2017.12.13-15.19.35:814][444]AssetReimport: New page: Outstanding source content changes 15:19:35
[2017.12.13-15.19.35:883][445]LogFactory: FactoryCreateFile: StaticMesh with FbxFactory (0 0 F:/UNI2017-2018/COMP210_2_interace_task/DontDropTheCargo/Content/shield.fbx)
[2017.12.13-15.19.36:184][445]LogFbx: ItemName: GlobalSettings, ItemCount : 1
[2017.12.13-15.19.36:184][445]LogFbx: ItemName: NodeAttribute, ItemCount : 2
[2017.12.13-15.19.36:184][445]LogFbx: ItemName: Geometry, ItemCount : 3
[2017.12.13-15.19.36:184][445]LogFbx: ItemName: Model, ItemCount : 5
[2017.12.13-15.19.36:184][445]LogFbx: ItemName: Material, ItemCount : 3
[2017.12.13-15.19.36:226][445]LogFbx: Loading FBX Scene from F:/UNI2017-2018/COMP210_2_interace_task/DontDropTheCargo/Content/shield.fbx
[2017.12.13-15.19.36:338][445]LogFbx: FBX Scene Loaded Succesfully
[2017.12.13-15.19.44:335][445]LogFbx: Loading FBX Scene from F:/UNI2017-2018/COMP210_2_interace_task/DontDropTheCargo/Content/shield.fbx
[2017.12.13-15.19.44:347][445]LogFbx: FBX Scene Loaded Succesfully
[2017.12.13-15.19.44:396][445]LogLinker: Can't find file '/Game/Material'
[2017.12.13-15.19.44:396][445]LogLinker: Can't find file '/Game/Material'
[2017.12.13-15.19.44:445][445]LogMaterial: Missing cached shader map for material Material, compiling. 
[2017.12.13-15.19.44:792][445]LogStaticMesh: Building static mesh shield_Cube...
[2017.12.13-15.19.44:792][445]LogStaticMesh: Built static mesh [0.04s] /Game/shield_Cube.shield_Cube
[2017.12.13-15.19.45:086][445]LogLinker: Can't find file '/Game/Material_001'
[2017.12.13-15.19.45:086][445]LogLinker: Can't find file '/Game/Material_001'
[2017.12.13-15.19.45:168][445]LogMaterial: Missing cached shader map for material Material_001, compiling. 
[2017.12.13-15.19.45:248][445]LogStaticMesh: Building static mesh shield_Cube_001...
[2017.12.13-15.19.45:249][445]LogStaticMesh: Built static mesh [0.05s] /Game/shield_Cube_001.shield_Cube_001
[2017.12.13-15.19.45:445][445]LogLinker: Can't find file '/Game/Material_002'
[2017.12.13-15.19.45:446][445]LogLinker: Can't find file '/Game/Material_002'
[2017.12.13-15.19.45:496][445]LogMaterial: Missing cached shader map for material Material_002, compiling. 
[2017.12.13-15.19.45:552][445]LogStaticMesh: Building static mesh shield_Cube_002...
[2017.12.13-15.19.45:552][445]LogStaticMesh: Built static mesh [0.03s] /Game/shield_Cube_002.shield_Cube_002
[2017.12.13-15.19.45:968][446]Cmd: OBJ SAVEPACKAGE PACKAGE="/Game/shield" FILE="F:/UNI2017-2018/COMP210_2_interace_task/DontDropTheCargo/Content/shield.uasset" SILENT=true
[2017.12.13-15.19.45:980][446]LogSavePackage: Save=7.39ms
[2017.12.13-15.19.45:980][446]LogSavePackage: Moving 'F:/UNI2017-2018/COMP210_2_interace_task/DontDropTheCargo/Saved/shield2C69080F43A158AB1664CC9C81D984FB.tmp' to 'F:/UNI2017-2018/COMP210_2_interace_task/DontDropTheCargo/Content/shield.uasset'
[2017.12.13-15.19.45:981][446]LogSavePackage: Display: Finished SavePackage F:/UNI2017-2018/COMP210_2_interace_task/DontDropTheCargo/Content/shield.uasset
[2017.12.13-15.19.48:996][578]AssetReimport: Importing new asset /Game/shield.
[2017.12.13-15.19.58:138][ 14]LogMaterial: Missing cached shader map for material M_SkyBox, compiling. 
[2017.12.13-15.24.01:862][372]AssetReimport: New page: Outstanding source content changes 15:24:01
[2017.12.13-15.24.01:870][372]LogFactory: FactoryCreateFile: StaticMesh with FbxFactory (0 0 F:/UNI2017-2018/COMP210_2_interace_task/DontDropTheCargo/Content/shield.obj)
[2017.12.13-15.24.01:925][372]LogFbx: Loading FBX Scene from F:/UNI2017-2018/COMP210_2_interace_task/DontDropTheCargo/Content/shield.obj
[2017.12.13-15.24.01:932][372]LogFbx: FBX Scene Loaded Succesfully
[2017.12.13-15.24.22:683][372]LogFbx: Loading FBX Scene from F:/UNI2017-2018/COMP210_2_interace_task/DontDropTheCargo/Content/shield.obj
[2017.12.13-15.24.22:685][372]LogFbx: FBX Scene Loaded Succesfully
[2017.12.13-15.24.22:742][372]LogMaterial: Missing cached shader map for material Material, compiling. 
[2017.12.13-15.24.22:784][372]LogMaterial: Missing cached shader map for material Material_001, compiling. 
[2017.12.13-15.24.22:829][372]LogMaterial: Missing cached shader map for material Material_002, compiling. 
[2017.12.13-15.24.22:905][372]LogStaticMesh: Building static mesh shield...
[2017.12.13-15.24.22:906][372]LogStaticMesh: Built static mesh [0.02s] /Game/shield.shield
[2017.12.13-15.24.23:157][373]Cmd: OBJ SAVEPACKAGE PACKAGE="/Game/shield" FILE="F:/UNI2017-2018/COMP210_2_interace_task/DontDropTheCargo/Content/shield.uasset" SILENT=true
[2017.12.13-15.24.23:191][373]LogSavePackage: Save=30.92ms
[2017.12.13-15.24.23:191][373]LogSavePackage: Moving 'F:/UNI2017-2018/COMP210_2_interace_task/DontDropTheCargo/Saved/shield19C4DA1349CC5008E17E918956D146D4.tmp' to 'F:/UNI2017-2018/COMP210_2_interace_task/DontDropTheCargo/Content/shield.uasset'
[2017.12.13-15.24.23:195][373]LogSavePackage: Display: Finished SavePackage F:/UNI2017-2018/COMP210_2_interace_task/DontDropTheCargo/Content/shield.uasset
[2017.12.13-15.24.26:287][498]AssetReimport: Importing new asset /Game/shield.
[2017.12.13-15.25.07:125][363]Cmd: OBJ SAVEPACKAGE PACKAGE="/Game/shieldArt/shield" FILE="F:/UNI2017-2018/COMP210_2_interace_task/DontDropTheCargo/Content/shieldArt/shield.uasset" SILENT=true
[2017.12.13-15.25.07:151][363]LogSavePackage: Save=23.75ms
[2017.12.13-15.25.07:151][363]LogSavePackage: Moving 'F:/UNI2017-2018/COMP210_2_interace_task/DontDropTheCargo/Saved/shieldA80BCB5248D67D1CE39AD7800948CE5B.tmp' to 'F:/UNI2017-2018/COMP210_2_interace_task/DontDropTheCargo/Content/shieldArt/shield.uasset'
[2017.12.13-15.25.07:155][363]LogSavePackage: Display: Finished SavePackage F:/UNI2017-2018/COMP210_2_interace_task/DontDropTheCargo/Content/shieldArt/shield.uasset
[2017.12.13-15.25.10:208][529]Cmd: OBJ SAVEPACKAGE PACKAGE="/Game/shieldArt/Material_002" FILE="F:/UNI2017-2018/COMP210_2_interace_task/DontDropTheCargo/Content/shieldArt/Material_002.uasset" SILENT=true
[2017.12.13-15.25.10:254][529]LogSavePackage: Save=42.21ms
[2017.12.13-15.25.10:254][529]LogSavePackage: Moving 'F:/UNI2017-2018/COMP210_2_interace_task/DontDropTheCargo/Saved/Material_00269EA3901417267196F2159850BB29119.tmp' to 'F:/UNI2017-2018/COMP210_2_interace_task/DontDropTheCargo/Content/shieldArt/Material_002.uasset'
[2017.12.13-15.25.10:257][529]LogSavePackage: Display: Finished SavePackage F:/UNI2017-2018/COMP210_2_interace_task/DontDropTheCargo/Content/shieldArt/Material_002.uasset
[2017.12.13-15.25.10:431][529]Cmd: OBJ SAVEPACKAGE PACKAGE="/Game/shieldArt/shield" FILE="F:/UNI2017-2018/COMP210_2_interace_task/DontDropTheCargo/Content/shieldArt/shield.uasset" SILENT=true
[2017.12.13-15.25.10:464][529]LogSavePackage: Save=15.53ms
[2017.12.13-15.25.10:464][529]LogSavePackage: Moving 'F:/UNI2017-2018/COMP210_2_interace_task/DontDropTheCargo/Saved/shield7DB23DBF449C6D20062BA99C7A4F3D7D.tmp' to 'F:/UNI2017-2018/COMP210_2_interace_task/DontDropTheCargo/Content/shieldArt/shield.uasset'
[2017.12.13-15.25.10:466][529]LogSavePackage: Display: Finished SavePackage F:/UNI2017-2018/COMP210_2_interace_task/DontDropTheCargo/Content/shieldArt/shield.uasset
[2017.12.13-15.25.11:889][620]Cmd: OBJ SAVEPACKAGE PACKAGE="/Game/shieldArt/Material_001" FILE="F:/UNI2017-2018/COMP210_2_interace_task/DontDropTheCargo/Content/shieldArt/Material_001.uasset" SILENT=true
[2017.12.13-15.25.11:915][620]LogSavePackage: Save=22.85ms
[2017.12.13-15.25.11:915][620]LogSavePackage: Moving 'F:/UNI2017-2018/COMP210_2_interace_task/DontDropTheCargo/Saved/Material_0014DD330BA475B954BB05541B021AAC6DA.tmp' to 'F:/UNI2017-2018/COMP210_2_interace_task/DontDropTheCargo/Content/shieldArt/Material_001.uasset'
[2017.12.13-15.25.11:918][620]LogSavePackage: Display: Finished SavePackage F:/UNI2017-2018/COMP210_2_interace_task/DontDropTheCargo/Content/shieldArt/Material_001.uasset
[2017.12.13-15.25.12:093][620]Cmd: OBJ SAVEPACKAGE PACKAGE="/Game/shieldArt/shield" FILE="F:/UNI2017-2018/COMP210_2_interace_task/DontDropTheCargo/Content/shieldArt/shield.uasset" SILENT=true
[2017.12.13-15.25.12:113][620]LogSavePackage: Save=12.40ms
[2017.12.13-15.25.12:113][620]LogSavePackage: Moving 'F:/UNI2017-2018/COMP210_2_interace_task/DontDropTheCargo/Saved/shield93A0760D42EF124F4FD25E9992714BD3.tmp' to 'F:/UNI2017-2018/COMP210_2_interace_task/DontDropTheCargo/Content/shieldArt/shield.uasset'
[2017.12.13-15.25.12:115][620]LogSavePackage: Display: Finished SavePackage F:/UNI2017-2018/COMP210_2_interace_task/DontDropTheCargo/Content/shieldArt/shield.uasset
[2017.12.13-15.25.13:544][715]Cmd: OBJ SAVEPACKAGE PACKAGE="/Game/shieldArt/Material" FILE="F:/UNI2017-2018/COMP210_2_interace_task/DontDropTheCargo/Content/shieldArt/Material.uasset" SILENT=true
[2017.12.13-15.25.13:570][715]LogSavePackage: Save=22.95ms
[2017.12.13-15.25.13:570][715]LogSavePackage: Moving 'F:/UNI2017-2018/COMP210_2_interace_task/DontDropTheCargo/Saved/MaterialBBEAF6BC4B9BD354075399911E074BD7.tmp' to 'F:/UNI2017-2018/COMP210_2_interace_task/DontDropTheCargo/Content/shieldArt/Material.uasset'
[2017.12.13-15.25.13:573][715]LogSavePackage: Display: Finished SavePackage F:/UNI2017-2018/COMP210_2_interace_task/DontDropTheCargo/Content/shieldArt/Material.uasset
[2017.12.13-15.25.13:748][715]Cmd: OBJ SAVEPACKAGE PACKAGE="/Game/shieldArt/shield" FILE="F:/UNI2017-2018/COMP210_2_interace_task/DontDropTheCargo/Content/shieldArt/shield.uasset" SILENT=true
[2017.12.13-15.25.13:768][715]LogSavePackage: Save=12.59ms
[2017.12.13-15.25.13:768][715]LogSavePackage: Moving 'F:/UNI2017-2018/COMP210_2_interace_task/DontDropTheCargo/Saved/shieldABF7EBA94A35973A3FA027821F7956C6.tmp' to 'F:/UNI2017-2018/COMP210_2_interace_task/DontDropTheCargo/Content/shieldArt/shield.uasset'
[2017.12.13-15.25.13:769][715]LogSavePackage: Display: Finished SavePackage F:/UNI2017-2018/COMP210_2_interace_task/DontDropTheCargo/Content/shieldArt/shield.uasset
[2017.12.13-15.25.59:032][684]LogEditorTransaction: Undo Set actor scale
[2017.12.13-15.25.59:423][698]LogEditorTransaction: Undo Set actor scale
[2017.12.13-15.25.59:859][721]LogEditorTransaction: Undo Set actor scale
[2017.12.13-15.26.00:466][765]LogEditorTransaction: Undo Edit Static Mesh
[2017.12.13-15.26.33:311][150]LogActorComponent: ReregisterComponent: (/Game/VirtualRealityBP/Blueprints/ShooterHand.ShooterHand_C:Tray_GEN_VARIABLE) Not currently registered. Aborting.
[2017.12.13-15.26.33:427][159]LogActorComponent: ReregisterComponent: (/Game/VirtualRealityBP/Blueprints/ShooterHand.ShooterHand_C:Tray_GEN_VARIABLE) Not currently registered. Aborting.
[2017.12.13-15.26.33:478][163]LogActorComponent: ReregisterComponent: (/Game/VirtualRealityBP/Blueprints/ShooterHand.ShooterHand_C:Tray_GEN_VARIABLE) Not currently registered. Aborting.
[2017.12.13-15.26.33:580][171]LogActorComponent: ReregisterComponent: (/Game/VirtualRealityBP/Blueprints/ShooterHand.ShooterHand_C:Tray_GEN_VARIABLE) Not currently registered. Aborting.
[2017.12.13-15.26.33:632][175]LogActorComponent: ReregisterComponent: (/Game/VirtualRealityBP/Blueprints/ShooterHand.ShooterHand_C:Tray_GEN_VARIABLE) Not currently registered. Aborting.
[2017.12.13-15.26.33:723][182]LogActorComponent: ReregisterComponent: (/Game/VirtualRealityBP/Blueprints/ShooterHand.ShooterHand_C:Tray_GEN_VARIABLE) Not currently registered. Aborting.
[2017.12.13-15.26.33:786][187]LogActorComponent: ReregisterComponent: (/Game/VirtualRealityBP/Blueprints/ShooterHand.ShooterHand_C:Tray_GEN_VARIABLE) Not currently registered. Aborting.
[2017.12.13-15.26.33:851][192]LogActorComponent: ReregisterComponent: (/Game/VirtualRealityBP/Blueprints/ShooterHand.ShooterHand_C:Tray_GEN_VARIABLE) Not currently registered. Aborting.
[2017.12.13-15.26.33:903][196]LogActorComponent: ReregisterComponent: (/Game/VirtualRealityBP/Blueprints/ShooterHand.ShooterHand_C:Tray_GEN_VARIABLE) Not currently registered. Aborting.
[2017.12.13-15.26.38:983][631]LogActorComponent: ReregisterComponent: (/Game/VirtualRealityBP/Blueprints/ShooterHand.ShooterHand_C:Tray_GEN_VARIABLE) Not currently registered. Aborting.
[2017.12.13-15.26.40:052][724]LogEditorTransaction: Undo Modify Component(s)
[2017.12.13-15.26.56:781][ 60]LogEditorTransaction: Undo Modify Component(s)
[2017.12.13-15.26.57:332][ 96]LogEditorTransaction: Undo Modify Component(s)
[2017.12.13-15.26.59:040][223]LogEditorTransaction: Undo Set actor scale
[2017.12.13-15.27.11:503][ 79]LogActorComponent: ReregisterComponent: (/Game/VirtualRealityBP/Blueprints/ShooterHand.ShooterHand_C:Tray_GEN_VARIABLE) Not currently registered. Aborting.
[2017.12.13-15.27.11:751][ 98]LogActorComponent: ReregisterComponent: (/Game/VirtualRealityBP/Blueprints/ShooterHand.ShooterHand_C:Tray_GEN_VARIABLE) Not currently registered. Aborting.
[2017.12.13-15.27.11:930][112]LogActorComponent: ReregisterComponent: (/Game/VirtualRealityBP/Blueprints/ShooterHand.ShooterHand_C:Tray_GEN_VARIABLE) Not currently registered. Aborting.
[2017.12.13-15.27.12:034][120]LogActorComponent: ReregisterComponent: (/Game/VirtualRealityBP/Blueprints/ShooterHand.ShooterHand_C:Tray_GEN_VARIABLE) Not currently registered. Aborting.
[2017.12.13-15.27.12:121][127]LogActorComponent: ReregisterComponent: (/Game/VirtualRealityBP/Blueprints/ShooterHand.ShooterHand_C:Tray_GEN_VARIABLE) Not currently registered. Aborting.
[2017.12.13-15.27.12:158][130]LogActorComponent: ReregisterComponent: (/Game/VirtualRealityBP/Blueprints/ShooterHand.ShooterHand_C:Tray_GEN_VARIABLE) Not currently registered. Aborting.
[2017.12.13-15.27.12:224][135]LogActorComponent: ReregisterComponent: (/Game/VirtualRealityBP/Blueprints/ShooterHand.ShooterHand_C:Tray_GEN_VARIABLE) Not currently registered. Aborting.
[2017.12.13-15.27.12:458][153]LogActorComponent: ReregisterComponent: (/Game/VirtualRealityBP/Blueprints/ShooterHand.ShooterHand_C:Tray_GEN_VARIABLE) Not currently registered. Aborting.
[2017.12.13-15.27.12:510][157]LogActorComponent: ReregisterComponent: (/Game/VirtualRealityBP/Blueprints/ShooterHand.ShooterHand_C:Tray_GEN_VARIABLE) Not currently registered. Aborting.
[2017.12.13-15.27.12:576][162]LogActorComponent: ReregisterComponent: (/Game/VirtualRealityBP/Blueprints/ShooterHand.ShooterHand_C:Tray_GEN_VARIABLE) Not currently registered. Aborting.
[2017.12.13-15.27.12:654][168]LogActorComponent: ReregisterComponent: (/Game/VirtualRealityBP/Blueprints/ShooterHand.ShooterHand_C:Tray_GEN_VARIABLE) Not currently registered. Aborting.
[2017.12.13-15.27.12:759][176]LogActorComponent: ReregisterComponent: (/Game/VirtualRealityBP/Blueprints/ShooterHand.ShooterHand_C:Tray_GEN_VARIABLE) Not currently registered. Aborting.
[2017.12.13-15.27.12:824][181]LogActorComponent: ReregisterComponent: (/Game/VirtualRealityBP/Blueprints/ShooterHand.ShooterHand_C:Tray_GEN_VARIABLE) Not currently registered. Aborting.
[2017.12.13-15.27.12:927][189]LogActorComponent: ReregisterComponent: (/Game/VirtualRealityBP/Blueprints/ShooterHand.ShooterHand_C:Tray_GEN_VARIABLE) Not currently registered. Aborting.
[2017.12.13-15.27.12:993][194]LogActorComponent: ReregisterComponent: (/Game/VirtualRealityBP/Blueprints/ShooterHand.ShooterHand_C:Tray_GEN_VARIABLE) Not currently registered. Aborting.
[2017.12.13-15.27.13:072][200]LogActorComponent: ReregisterComponent: (/Game/VirtualRealityBP/Blueprints/ShooterHand.ShooterHand_C:Tray_GEN_VARIABLE) Not currently registered. Aborting.
[2017.12.13-15.27.13:138][205]LogActorComponent: ReregisterComponent: (/Game/VirtualRealityBP/Blueprints/ShooterHand.ShooterHand_C:Tray_GEN_VARIABLE) Not currently registered. Aborting.
[2017.12.13-15.27.13:270][215]LogActorComponent: ReregisterComponent: (/Game/VirtualRealityBP/Blueprints/ShooterHand.ShooterHand_C:Tray_GEN_VARIABLE) Not currently registered. Aborting.
[2017.12.13-15.27.13:665][246]LogActorComponent: ReregisterComponent: (/Game/VirtualRealityBP/Blueprints/ShooterHand.ShooterHand_C:Tray_GEN_VARIABLE) Not currently registered. Aborting.
[2017.12.13-15.27.42:202][  9]BlueprintLog: New page: Compile BP_MotionController
[2017.12.13-15.27.50:473][532]BlueprintLog: New page: Compile BP_MotionController
[2017.12.13-15.27.57:759][887]LogSavePackage: Save=154.26ms
[2017.12.13-15.27.57:759][887]LogSavePackage: Moving 'F:/UNI2017-2018/COMP210_2_interace_task/DontDropTheCargo/Saved/BP_MotionControllerAE39FE0D4C86F47C0C3B72A1860A242E.tmp' to 'F:/UNI2017-2018/COMP210_2_interace_task/DontDropTheCargo/Content/VirtualRealityBP/Blueprints/BP_MotionController.uasset'
[2017.12.13-15.27.57:816][887]LogSavePackage: Display: Finished SavePackage F:/UNI2017-2018/COMP210_2_interace_task/DontDropTheCargo/Content/VirtualRealityBP/Blueprints/BP_MotionController.uasset
[2017.12.13-15.27.57:987][887]LogSavePackage: Save=102.68ms
[2017.12.13-15.27.57:988][887]LogSavePackage: Moving 'F:/UNI2017-2018/COMP210_2_interace_task/DontDropTheCargo/Saved/ShooterHand411E972C4731E1BCDF69328A01735488.tmp' to 'F:/UNI2017-2018/COMP210_2_interace_task/DontDropTheCargo/Content/VirtualRealityBP/Blueprints/ShooterHand.uasset'
[2017.12.13-15.27.57:995][887]LogSavePackage: Display: Finished SavePackage F:/UNI2017-2018/COMP210_2_interace_task/DontDropTheCargo/Content/VirtualRealityBP/Blueprints/ShooterHand.uasset
[2017.12.13-15.27.58:939][887]LogSavePackage: Save=788.22ms
[2017.12.13-15.27.58:939][887]LogSavePackage: Moving 'F:/UNI2017-2018/COMP210_2_interace_task/DontDropTheCargo/Saved/MainMap8D66D0DA45CCDE66AE43909594996DC4.tmp' to 'F:/UNI2017-2018/COMP210_2_interace_task/DontDropTheCargo/Content/VirtualRealityBP/Maps/MainMap.umap'
[2017.12.13-15.27.58:947][887]LogSavePackage: Display: Finished SavePackage F:/UNI2017-2018/COMP210_2_interace_task/DontDropTheCargo/Content/VirtualRealityBP/Maps/MainMap.umap
[2017.12.13-15.27.59:032][887]LogFileHelpers: Saving map 'MainMap' took 1.036
[2017.12.13-15.29.25:292][275]Cmd: QUIT_EDITOR
[2017.12.13-15.29.25:340][275]LogWindowsTextInputMethodSystem: Display: IME system now deactivated.
[2017.12.13-15.29.25:363][275]LogExit: Preparing to exit.
[2017.12.13-15.29.26:786][275]LogExit: Editor shut down
[2017.12.13-15.29.26:820][275]LogExit: Transaction tracking system shut down
[2017.12.13-15.29.27:179][275]LogDirectoryWatcher: A directory notification for '../../../Engine/Content/' was aborted.
[2017.12.13-15.29.27:179][275]LogDirectoryWatcher: A directory notification for 'F:/UNI2017-2018/COMP210_2_interace_task/DontDropTheCargo/Content/' was aborted.
[2017.12.13-15.29.27:179][275]LogDirectoryWatcher: A directory notification for '../../../Engine/Plugins/2D/Paper2D/Content/' was aborted.
[2017.12.13-15.29.27:179][275]LogDirectoryWatcher: A directory notification for '../../../Engine/Plugins/Runtime/Oculus/OculusVR/Content/' was aborted.
[2017.12.13-15.29.27:179][275]LogDirectoryWatcher: A directory notification for '../../../Engine/Plugins/Runtime/Steam/SteamVR/Content/' was aborted.
[2017.12.13-15.29.27:371][275]LogExit: Object subsystem successfully closed.
[2017.12.13-15.29.27:392][275]LogD3D11RHI: Shutdown
[2017.12.13-15.29.27:392][275]LogD3D11RHI: CleanupD3DDevice
[2017.12.13-15.29.27:633][275]LogD3D11RHI: ~FD3D11DynamicRHI
[2017.12.13-15.29.27:677][275]LogModuleManager: Shutting down and abandoning module StaticMeshEditor (540)
[2017.12.13-15.29.27:677][275]LogModuleManager: Shutting down and abandoning module HierarchicalLODUtilities (538)
[2017.12.13-15.29.27:678][275]LogModuleManager: Shutting down and abandoning module BlueprintGraph (536)
[2017.12.13-15.29.27:678][275]LogModuleManager: Shutting down and abandoning module BlueprintProfiler (534)
[2017.12.13-15.29.27:678][275]LogModuleManager: Shutting down and abandoning module HierarchicalLODOutliner (532)
[2017.12.13-15.29.27:678][275]LogModuleManager: Shutting down and abandoning module SceneOutliner (530)
[2017.12.13-15.29.27:678][275]LogModuleManager: Shutting down and abandoning module AddContentDialog (528)
[2017.12.13-15.29.27:678][275]LogDirectoryWatcher: A directory notification for 'C:/Program Files/Epic Games/UE_4.17/FeaturePacks/' was aborted.
[2017.12.13-15.29.27:686][275]LogModuleManager: Shutting down and abandoning module WidgetCarousel (527)
[2017.12.13-15.29.27:686][275]LogModuleManager: Shutting down and abandoning module EditorWidgets (524)
[2017.12.13-15.29.27:686][275]LogModuleManager: Shutting down and abandoning module CollectionManager (522)
[2017.12.13-15.29.27:686][275]LogDirectoryWatcher: A directory notification for 'F:/UNI2017-2018/COMP210_2_interace_task/DontDropTheCargo/Content/Collections/' was aborted.
[2017.12.13-15.29.27:686][275]LogDirectoryWatcher: A directory notification for 'F:/UNI2017-2018/COMP210_2_interace_task/DontDropTheCargo/Content/Developers/Tristan/Collections/' was aborted.
[2017.12.13-15.29.27:686][275]LogDirectoryWatcher: A directory notification for 'F:/UNI2017-2018/COMP210_2_interace_task/DontDropTheCargo/Saved/Collections/' was aborted.
[2017.12.13-15.29.27:686][275]LogModuleManager: Shutting down and abandoning module StatsViewer (520)
[2017.12.13-15.29.27:686][275]LogModuleManager: Shutting down and abandoning module FoliageEdit (518)
[2017.12.13-15.29.27:686][275]LogModuleManager: Shutting down and abandoning module LandscapeEditor (516)
[2017.12.13-15.29.27:686][275]LogModuleManager: Shutting down and abandoning module MeshPaintMode (514)
[2017.12.13-15.29.27:687][275]LogModuleManager: Shutting down and abandoning module SceneDepthPickerMode (512)
[2017.12.13-15.29.27:687][275]LogModuleManager: Shutting down and abandoning module ActorPickerMode (510)
[2017.12.13-15.29.27:687][275]LogModuleManager: Shutting down and abandoning module GeometryMode (508)
[2017.12.13-15.29.27:687][275]LogModuleManager: Shutting down and abandoning module TextureAlignMode (506)
[2017.12.13-15.29.27:687][275]LogModuleManager: Shutting down and abandoning module BspMode (504)
[2017.12.13-15.29.27:687][275]LogModuleManager: Shutting down and abandoning module PIEPreviewDeviceProfileSelector (502)
[2017.12.13-15.29.27:687][275]LogModuleManager: Shutting down and abandoning module HardwareSurvey (500)
[2017.12.13-15.29.27:687][275]LogModuleManager: Shutting down and abandoning module SequenceRecorderSections (498)
[2017.12.13-15.29.27:687][275]LogModuleManager: Shutting down and abandoning module AutomationWorker (496)
[2017.12.13-15.29.27:687][275]LogModuleManager: Shutting down and abandoning module MatineeToLevelSequence (494)
[2017.12.13-15.29.27:687][275]LogModuleManager: Shutting down and abandoning module LevelSequenceEditor (492)
[2017.12.13-15.29.27:687][275]LogModuleManager: Shutting down and abandoning module PlacementMode (491)
[2017.12.13-15.29.27:687][275]LogModuleManager: Shutting down and abandoning module WmfMediaFactory (488)
[2017.12.13-15.29.27:687][275]LogModuleManager: Shutting down and abandoning module WmfMediaEditor (486)
[2017.12.13-15.29.27:687][275]LogModuleManager: Shutting down and abandoning module AvfMediaFactory (484)
[2017.12.13-15.29.27:687][275]LogModuleManager: Shutting down and abandoning module AvfMediaEditor (482)
[2017.12.13-15.29.27:687][275]LogModuleManager: Shutting down and abandoning module AndroidMediaFactory (480)
[2017.12.13-15.29.27:687][275]LogModuleManager: Shutting down and abandoning module Media (479)
[2017.12.13-15.29.27:687][275]LogModuleManager: Shutting down and abandoning module AndroidMediaEditor (476)
[2017.12.13-15.29.27:687][275]LogModuleManager: Shutting down and abandoning module CharacterAI (474)
[2017.12.13-15.29.27:687][275]LogModuleManager: Shutting down and abandoning module AudioCapture (472)
[2017.12.13-15.29.27:687][275]LogModuleManager: Shutting down and abandoning module SequenceRecorder (471)
[2017.12.13-15.29.27:687][275]LogModuleManager: Shutting down and abandoning module SmartSnapping (468)
[2017.12.13-15.29.27:687][275]LogModuleManager: Shutting down and abandoning module SessionServices (466)
[2017.12.13-15.29.27:687][275]LogModuleManager: Shutting down and abandoning module ViewportSnapping (464)
[2017.12.13-15.29.27:687][275]LogModuleManager: Shutting down and abandoning module ViewportInteraction (462)
[2017.12.13-15.29.27:687][275]LogModuleManager: Shutting down and abandoning module ClothPainter (460)
[2017.12.13-15.29.27:688][275]LogModuleManager: Shutting down and abandoning module LogVisualizer (458)
[2017.12.13-15.29.27:688][275]LogModuleManager: Shutting down and abandoning module IntroTutorials (456)
[2017.12.13-15.29.27:688][275]LogModuleManager: Shutting down and abandoning module GameProjectGeneration (455)
[2017.12.13-15.29.27:688][275]LogModuleManager: Shutting down and abandoning module IOSPlatformEditor (452)
[2017.12.13-15.29.27:688][275]LogModuleManager: Shutting down and abandoning module HTML5PlatformEditor (450)
[2017.12.13-15.29.27:688][275]LogModuleManager: Shutting down and abandoning module AndroidPlatformEditor (448)
[2017.12.13-15.29.27:688][275]LogModuleManager: Shutting down and abandoning module AndroidDeviceDetection (447)
[2017.12.13-15.29.28:603][275]LogModuleManager: Shutting down and abandoning module WindowsPlatformEditor (444)
[2017.12.13-15.29.28:603][275]LogModuleManager: Shutting down and abandoning module IOSRuntimeSettings (442)
[2017.12.13-15.29.28:603][275]LogModuleManager: Shutting down and abandoning module AndroidRuntimeSettings (440)
[2017.12.13-15.29.28:603][275]LogModuleManager: Shutting down and abandoning module InputBindingEditor (438)
[2017.12.13-15.29.28:603][275]LogModuleManager: Shutting down and abandoning module MergeActors (436)
[2017.12.13-15.29.28:603][275]LogModuleManager: Shutting down and abandoning module SizeMap (434)
[2017.12.13-15.29.28:603][275]LogModuleManager: Shutting down and abandoning module TreeMap (432)
[2017.12.13-15.29.28:603][275]LogModuleManager: Shutting down and abandoning module ReferenceViewer (430)
[2017.12.13-15.29.28:603][275]LogModuleManager: Shutting down and abandoning module LocalizationDashboard (428)
[2017.12.13-15.29.28:603][275]LogModuleManager: Shutting down and abandoning module LocalizationService (427)
[2017.12.13-15.29.28:603][275]LogModuleManager: Shutting down and abandoning module HardwareTargeting (424)
[2017.12.13-15.29.28:603][275]LogModuleManager: Shutting down and abandoning module DeviceProfileEditor (422)
[2017.12.13-15.29.28:603][275]LogModuleManager: Shutting down and abandoning module UndoHistory (420)
[2017.12.13-15.29.28:603][275]LogModuleManager: Shutting down and abandoning module XmlParser (418)
[2017.12.13-15.29.28:603][275]LogModuleManager: Shutting down and abandoning module Blutility (416)
[2017.12.13-15.29.28:603][275]LogModuleManager: Shutting down and abandoning module ProjectSettingsViewer (414)
[2017.12.13-15.29.28:604][275]LogModuleManager: Shutting down and abandoning module ProjectTargetPlatformEditor (413)
[2017.12.13-15.29.28:604][275]LogModuleManager: Shutting down and abandoning module EditorSettingsViewer (410)
[2017.12.13-15.29.28:604][275]LogModuleManager: Shutting down and abandoning module SettingsEditor (408)
[2017.12.13-15.29.28:604][275]LogModuleManager: Shutting down and abandoning module ProjectLauncher (406)
[2017.12.13-15.29.28:604][275]LogModuleManager: Shutting down and abandoning module SessionFrontend (404)
[2017.12.13-15.29.28:604][275]LogModuleManager: Shutting down and abandoning module ProfilerClient (402)
[2017.12.13-15.29.28:604][275]LogModuleManager: Shutting down and abandoning module DeviceManager (400)
[2017.12.13-15.29.28:605][275]LogModuleManager: Shutting down and abandoning module TargetDeviceServices (399)
[2017.12.13-15.29.28:656][275]LogModuleManager: Shutting down and abandoning module AutomationController (396)
[2017.12.13-15.29.28:656][275]LogModuleManager: Shutting down and abandoning module AutomationWindow (394)
[2017.12.13-15.29.28:656][275]LogModuleManager: Shutting down and abandoning module Layers (392)
[2017.12.13-15.29.28:656][275]LogModuleManager: Shutting down and abandoning module ComponentVisualizers (390)
[2017.12.13-15.29.28:656][275]LogModuleManager: Shutting down and abandoning module DetailCustomizations (388)
[2017.12.13-15.29.28:656][275]LogModuleManager: Shutting down and abandoning module PackagesDialog (386)
[2017.12.13-15.29.28:656][275]LogModuleManager: Shutting down and abandoning module Persona (384)
[2017.12.13-15.29.28:656][275]LogModuleManager: Shutting down and abandoning module AdvancedPreviewScene (383)
[2017.12.13-15.29.28:656][275]LogModuleManager: Shutting down and abandoning module AnimGraph (381)
[2017.12.13-15.29.28:656][275]LogModuleManager: Shutting down and abandoning module Kismet (378)
[2017.12.13-15.29.28:668][275]LogModuleManager: Shutting down and abandoning module ClassViewer (376)
[2017.12.13-15.29.28:668][275]LogModuleManager: Shutting down and abandoning module Toolbox (374)
[2017.12.13-15.29.28:668][275]LogModuleManager: Shutting down and abandoning module ModuleUI (372)
[2017.12.13-15.29.28:668][275]LogModuleManager: Shutting down and abandoning module MovieSceneTools (370)
[2017.12.13-15.29.28:668][275]LogModuleManager: Shutting down and abandoning module OutputLog (368)
[2017.12.13-15.29.28:668][275]LogModuleManager: Shutting down and abandoning module GammaUI (366)
[2017.12.13-15.29.28:668][275]LogModuleManager: Shutting down and abandoning module Documentation (364)
[2017.12.13-15.29.28:668][275]LogModuleManager: Shutting down and abandoning module MovieSceneTracks (362)
[2017.12.13-15.29.28:668][275]LogModuleManager: Shutting down and abandoning module MovieScene (360)
[2017.12.13-15.29.28:668][275]LogModuleManager: Shutting down and abandoning module Niagara (358)
[2017.12.13-15.29.28:668][275]LogModuleManager: Shutting down and abandoning module NiagaraEditor (357)
[2017.12.13-15.29.28:669][275]LogModuleManager: Shutting down and abandoning module StreamingPauseRendering (354)
[2017.12.13-15.29.28:669][275]LogModuleManager: Shutting down and abandoning module LauncherPlatform (352)
[2017.12.13-15.29.28:669][275]LogModuleManager: Shutting down and abandoning module AnalyticsET (350)
[2017.12.13-15.29.28:669][275]LogModuleManager: Shutting down and abandoning module PortalServices (348)
[2017.12.13-15.29.28:669][275]LogModuleManager: Shutting down and abandoning module PortalRpc (346)
[2017.12.13-15.29.28:669][275]LogModuleManager: Shutting down and abandoning module MessagingRpc (344)
[2017.12.13-15.29.28:669][275]LogModuleManager: Shutting down and abandoning module AIModule (342)
[2017.12.13-15.29.28:669][275]LogModuleManager: Shutting down and abandoning module GameplayDebugger (341)
[2017.12.13-15.29.28:669][275]LogModuleManager: Shutting down and abandoning module AITestSuite (339)
[2017.12.13-15.29.28:669][275]LogModuleManager: Shutting down and abandoning module ProfilerService (336)
[2017.12.13-15.29.28:813][275]LogModuleManager: Shutting down and abandoning module TaskGraph (334)
[2017.12.13-15.29.28:813][275]LogModuleManager: Shutting down and abandoning module SteamVRController (332)
[2017.12.13-15.29.28:813][275]LogModuleManager: Shutting down and abandoning module ProceduralMeshComponentEditor (330)
[2017.12.13-15.29.28:813][275]LogModuleManager: Shutting down and abandoning module ProceduralMeshComponent (328)
[2017.12.13-15.29.28:813][275]LogModuleManager: Shutting down and abandoning module OculusInput (326)
[2017.12.13-15.29.28:813][275]LogModuleManager: Shutting down and abandoning module MobilePatchingUtils (324)
[2017.12.13-15.29.28:813][275]LogModuleManager: Shutting down and abandoning module CustomMeshComponent (322)
[2017.12.13-15.29.28:813][275]LogModuleManager: Shutting down and abandoning module CableComponent (320)
[2017.12.13-15.29.28:813][275]LogModuleManager: Shutting down and abandoning module ArchVisCharacter (318)
[2017.12.13-15.29.28:813][275]LogModuleManager: Shutting down and abandoning module AndroidPermission (316)
[2017.12.13-15.29.28:813][275]LogModuleManager: Shutting down and abandoning module MediaPlayerEditor (312)
[2017.12.13-15.29.28:813][275]LogModuleManager: Shutting down and abandoning module HTML5Networking (310)
[2017.12.13-15.29.28:813][275]LogModuleManager: Shutting down and abandoning module AlembicImporter (308)
[2017.12.13-15.29.28:813][275]LogModuleManager: Shutting down and abandoning module AlembicLibrary (307)
[2017.12.13-15.29.28:813][275]LogModuleManager: Shutting down and abandoning module GeometryCache (306)
[2017.12.13-15.29.28:813][275]LogModuleManager: Shutting down and abandoning module GeometryCacheEd (305)
[2017.12.13-15.29.28:813][275]LogModuleManager: Shutting down and abandoning module SpeedTreeImporter (300)
[2017.12.13-15.29.28:813][275]LogModuleManager: Shutting down and abandoning module PluginBrowser (298)
[2017.12.13-15.29.28:813][275]LogModuleManager: Shutting down and abandoning module MobileLauncherProfileWizard (296)
[2017.12.13-15.29.28:813][275]LogModuleManager: Shutting down and abandoning module VisualStudioSourceCodeAccess (294)
[2017.12.13-15.29.28:813][275]LogModuleManager: Shutting down and abandoning module DesktopPlatform (293)
[2017.12.13-15.29.28:814][275]LogModuleManager: Shutting down and abandoning module UObjectPlugin (290)
[2017.12.13-15.29.28:814][275]LogModuleManager: Shutting down and abandoning module SubversionSourceControl (288)
[2017.12.13-15.29.28:814][275]LogModuleManager: Shutting down and abandoning module PerforceSourceControl (286)
[2017.12.13-15.29.28:814][275]LogModuleManager: Shutting down and abandoning module GitSourceControl (284)
[2017.12.13-15.29.28:814][275]LogModuleManager: Shutting down and abandoning module SourceControl (283)
[2017.12.13-15.29.28:814][275]LogModuleManager: Shutting down and abandoning module LightPropagationVolumeEditor (280)
[2017.12.13-15.29.28:814][275]LogModuleManager: Shutting down and abandoning module PaperTiledImporter (278)
[2017.12.13-15.29.28:814][275]LogModuleManager: Shutting down and abandoning module PaperSpriteSheetImporter (276)
[2017.12.13-15.29.28:814][275]LogModuleManager: Shutting down and abandoning module Paper2DEditor (274)
[2017.12.13-15.29.28:814][275]LogModuleManager: Shutting down and abandoning module MeshPaint (273)
[2017.12.13-15.29.28:814][275]LogModuleManager: Shutting down and abandoning module LevelEditor (271)
[2017.12.13-15.29.28:815][275]LogModuleManager: Shutting down and abandoning module PixelInspectorModule (270)
[2017.12.13-15.29.28:816][275]LogModuleManager: Shutting down and abandoning module MainFrame (268)
[2017.12.13-15.29.28:816][275]LogModuleManager: Shutting down and abandoning module HotReload (267)
[2017.12.13-15.29.28:816][275]LogDirectoryWatcher: A directory notification for 'F:/UNI2017-2018/COMP210_2_interace_task/DontDropTheCargo/Binaries/Win64' was aborted.
[2017.12.13-15.29.28:816][275]LogModuleManager: Shutting down and abandoning module DontDropTheCargo (262)
[2017.12.13-15.29.28:816][275]LogModuleManager: Shutting down and abandoning module RuntimePhysXCooking (260)
[2017.12.13-15.29.28:816][275]LogModuleManager: Shutting down and abandoning module PhysXVehiclesEditor (258)
[2017.12.13-15.29.28:816][275]LogModuleManager: Shutting down and abandoning module PhysXVehicles (256)
[2017.12.13-15.29.28:817][275]LogModuleManager: Shutting down and abandoning module OculusEditor (254)
[2017.12.13-15.29.28:817][275]LogModuleManager: Shutting down and abandoning module LocationServicesBPLibrary (252)
[2017.12.13-15.29.28:817][275]LogModuleManager: Shutting down and abandoning module ImmediatePhysicsEditor (250)
[2017.12.13-15.29.28:817][275]LogModuleManager: Shutting down and abandoning module ImmediatePhysics (248)
[2017.12.13-15.29.28:817][275]LogModuleManager: Shutting down and abandoning module UdpMessaging (246)
[2017.12.13-15.29.28:917][275]LogModuleManager: Shutting down and abandoning module TcpMessaging (244)
[2017.12.13-15.29.29:017][275]LogModuleManager: Shutting down and abandoning module GameplayTagsEditor (242)
[2017.12.13-15.29.29:017][275]LogModuleManager: Shutting down and abandoning module FacialAnimationEditor (240)
[2017.12.13-15.29.29:017][275]LogModuleManager: Shutting down and abandoning module FacialAnimation (238)
[2017.12.13-15.29.29:017][275]LogModuleManager: Shutting down and abandoning module AssetManagerEditor (236)
[2017.12.13-15.29.29:017][275]LogModuleManager: Shutting down and abandoning module GraphEditor (235)
[2017.12.13-15.29.29:017][275]LogModuleManager: Shutting down and abandoning module ContentBrowser (233)
[2017.12.13-15.29.29:020][275]LogModuleManager: Shutting down and abandoning module LightPropagationVolumeRuntime (230)
[2017.12.13-15.29.29:020][275]LogModuleManager: Shutting down and abandoning module Paper2D (228)
[2017.12.13-15.29.29:020][275]LogModuleManager: Shutting down and abandoning module WindowsMoviePlayer (226)
[2017.12.13-15.29.29:021][275]LogModuleManager: Shutting down and abandoning module WmfMedia (224)
[2017.12.13-15.29.29:021][275]LogModuleManager: Shutting down and abandoning module PacketHandler (222)
[2017.12.13-15.29.29:021][275]LogModuleManager: Shutting down and abandoning module ClothingSystemEditor (220)
[2017.12.13-15.29.29:021][275]LogModuleManager: Shutting down and abandoning module ClothingSystemRuntime (218)
[2017.12.13-15.29.29:021][275]LogModuleManager: Shutting down and abandoning module Overlay (216)
[2017.12.13-15.29.29:021][275]LogModuleManager: Shutting down and abandoning module OverlayEditor (215)
[2017.12.13-15.29.29:021][275]LogModuleManager: Shutting down and abandoning module MediaAssets (212)
[2017.12.13-15.29.29:021][275]LogModuleManager: Shutting down and abandoning module VREditor (210)
[2017.12.13-15.29.29:021][275]LogModuleManager: Shutting down and abandoning module StringTableEditor (208)
[2017.12.13-15.29.29:021][275]LogModuleManager: Shutting down and abandoning module GameplayTasksEditor (206)
[2017.12.13-15.29.29:021][275]LogModuleManager: Shutting down and abandoning module BehaviorTreeEditor (204)
[2017.12.13-15.29.29:021][275]LogModuleManager: Shutting down and abandoning module FunctionalTesting (202)
[2017.12.13-15.29.29:021][275]LogModuleManager: Shutting down and abandoning module CollisionAnalyzer (200)
[2017.12.13-15.29.29:022][275]LogModuleManager: Shutting down and abandoning module WorkspaceMenuStructure (199)
[2017.12.13-15.29.29:022][275]LogModuleManager: Shutting down and abandoning module UMG (196)
[2017.12.13-15.29.29:022][275]LogModuleManager: Shutting down and abandoning module UMGEditor (195)
[2017.12.13-15.29.29:022][275]LogModuleManager: Shutting down and abandoning module Sequencer (194)
[2017.12.13-15.29.29:022][275]LogModuleManager: Shutting down and abandoning module MessageLog (191)
[2017.12.13-15.29.29:022][275]LogModuleManager: Shutting down and abandoning module SlateReflector (186)
[2017.12.13-15.29.29:022][275]LogModuleManager: Shutting down and abandoning module Slate (184)
[2017.12.13-15.29.29:022][275]LogModuleManager: Shutting down and abandoning module EditorStyle (182)
[2017.12.13-15.29.29:026][275]LogModuleManager: Shutting down and abandoning module MRMesh (180)
[2017.12.13-15.29.29:026][275]LogModuleManager: Shutting down and abandoning module SourceCodeAccess (178)
[2017.12.13-15.29.29:027][275]LogModuleManager: Shutting down and abandoning module HeadMountedDisplay (176)
[2017.12.13-15.29.29:027][275]LogModuleManager: Shutting down and abandoning module XAudio2 (174)
[2017.12.13-15.29.29:027][275]LogModuleManager: Shutting down and abandoning module Networking (172)
[2017.12.13-15.29.29:027][275]LogModuleManager: Shutting down and abandoning module Core (168)
[2017.12.13-15.29.29:027][275]LogModuleManager: Shutting down and abandoning module KismetCompiler (164)
[2017.12.13-15.29.29:027][275]LogModuleManager: Shutting down and abandoning module LevelSequence (162)
[2017.12.13-15.29.29:027][275]LogModuleManager: Shutting down and abandoning module MeshUtilities (160)
[2017.12.13-15.29.29:027][275]LogModuleManager: Shutting down and abandoning module MeshMergeUtilities (159)
[2017.12.13-15.29.29:027][275]LogModuleManager: Shutting down and abandoning module MeshReductionInterface (158)
[2017.12.13-15.29.29:027][275]LogModuleManager: Shutting down and abandoning module SimplygonSwarm (157)
[2017.12.13-15.29.29:027][275]LogModuleManager: Shutting down and abandoning module SimplygonMeshReduction (155)
[2017.12.13-15.29.29:027][275]LogModuleManager: Shutting down and abandoning module QuadricMeshReduction (153)
[2017.12.13-15.29.29:027][275]LogModuleManager: Shutting down and abandoning module MaterialBaking (149)
[2017.12.13-15.29.29:027][275]LogModuleManager: Shutting down and abandoning module DirectoryWatcher (146)
[2017.12.13-15.29.29:034][275]LogModuleManager: Shutting down and abandoning module DerivedDataCache (144)
[2017.12.13-15.29.29:058][275]LogDerivedDataCache: Shutdown
[2017.12.13-15.29.29:058][275]LogModuleManager: Shutting down and abandoning module TargetPlatform (142)
[2017.12.13-15.29.29:058][275]LogModuleManager: Shutting down and abandoning module VulkanShaderFormat (141)
[2017.12.13-15.29.29:058][275]LogModuleManager: Shutting down and abandoning module ShaderFormatVectorVM (139)
[2017.12.13-15.29.29:058][275]LogModuleManager: Shutting down and abandoning module ShaderFormatOpenGL (137)
[2017.12.13-15.29.29:058][275]LogModuleManager: Shutting down and abandoning module ShaderFormatD3D (135)
[2017.12.13-15.29.29:058][275]LogModuleManager: Shutting down and abandoning module MetalShaderFormat (133)
[2017.12.13-15.29.29:058][275]LogModuleManager: Shutting down and abandoning module TextureFormatUncompressed (131)
[2017.12.13-15.29.29:058][275]LogModuleManager: Shutting down and abandoning module TextureFormatPVR (129)
[2017.12.13-15.29.29:058][275]LogModuleManager: Shutting down and abandoning module TextureFormatDXT (127)
[2017.12.13-15.29.29:058][275]LogModuleManager: Shutting down and abandoning module TextureFormatIntelISPCTexComp (125)
[2017.12.13-15.29.29:058][275]LogModuleManager: Shutting down and abandoning module TextureFormatASTC (123)
[2017.12.13-15.29.29:058][275]LogModuleManager: Shutting down and abandoning module ImageWrapper (122)
[2017.12.13-15.29.29:058][275]LogModuleManager: Shutting down and abandoning module TextureFormatAndroid (119)
[2017.12.13-15.29.29:058][275]LogModuleManager: Shutting down and abandoning module AudioFormatOpus (117)
[2017.12.13-15.29.29:058][275]LogModuleManager: Shutting down and abandoning module AudioFormatOgg (115)
[2017.12.13-15.29.29:058][275]LogModuleManager: Shutting down and abandoning module AudioFormatADPCM (113)
[2017.12.13-15.29.29:059][275]LogModuleManager: Shutting down and abandoning module LinuxTargetPlatform (111)
[2017.12.13-15.29.29:059][275]LogModuleManager: Shutting down and abandoning module LinuxServerTargetPlatform (109)
[2017.12.13-15.29.29:059][275]LogModuleManager: Shutting down and abandoning module LinuxNoEditorTargetPlatform (107)
[2017.12.13-15.29.29:059][275]LogModuleManager: Shutting down and abandoning module LinuxClientTargetPlatform (105)
[2017.12.13-15.29.29:059][275]LogModuleManager: Shutting down and abandoning module TVOSTargetPlatform (103)
[2017.12.13-15.29.29:059][275]LogModuleManager: Shutting down and abandoning module Messaging (101)
[2017.12.13-15.29.29:059][275]LogModuleManager: Shutting down and abandoning module IOSTargetPlatform (99)
[2017.12.13-15.29.29:059][275]LogModuleManager: Shutting down and abandoning module HTML5TargetPlatform (97)
[2017.12.13-15.29.29:059][275]LogModuleManager: Shutting down and abandoning module Android_PVRTCTargetPlatform (95)
[2017.12.13-15.29.29:059][275]LogModuleManager: Shutting down and abandoning module Android_MultiTargetPlatform (93)
[2017.12.13-15.29.29:059][275]LogModuleManager: Shutting down and abandoning module Android_ETC2TargetPlatform (91)
[2017.12.13-15.29.29:059][275]LogModuleManager: Shutting down and abandoning module Android_ETC1TargetPlatform (89)
[2017.12.13-15.29.29:059][275]LogModuleManager: Shutting down and abandoning module Android_DXTTargetPlatform (87)
[2017.12.13-15.29.29:059][275]LogModuleManager: Shutting down and abandoning module Android_ATCTargetPlatform (85)
[2017.12.13-15.29.29:059][275]LogModuleManager: Shutting down and abandoning module Android_ASTCTargetPlatform (83)
[2017.12.13-15.29.29:059][275]LogModuleManager: Shutting down and abandoning module AndroidTargetPlatform (81)
[2017.12.13-15.29.29:059][275]LogModuleManager: Shutting down and abandoning module WindowsTargetPlatform (79)
[2017.12.13-15.29.29:059][275]LogModuleManager: Shutting down and abandoning module WindowsServerTargetPlatform (77)
[2017.12.13-15.29.29:059][275]LogModuleManager: Shutting down and abandoning module WindowsNoEditorTargetPlatform (75)
[2017.12.13-15.29.29:059][275]LogModuleManager: Shutting down and abandoning module WindowsClientTargetPlatform (73)
[2017.12.13-15.29.29:059][275]LogModuleManager: Shutting down and abandoning module MacTargetPlatform (71)
[2017.12.13-15.29.29:060][275]LogModuleManager: Shutting down and abandoning module MacServerTargetPlatform (69)
[2017.12.13-15.29.29:060][275]LogModuleManager: Shutting down and abandoning module MacNoEditorTargetPlatform (67)
[2017.12.13-15.29.29:060][275]LogModuleManager: Shutting down and abandoning module MacClientTargetPlatform (65)
[2017.12.13-15.29.29:060][275]LogModuleManager: Shutting down and abandoning module AllDesktopTargetPlatform (63)
[2017.12.13-15.29.29:060][275]LogModuleManager: Shutting down and abandoning module InputCore (60)
[2017.12.13-15.29.29:060][275]LogModuleManager: Shutting down and abandoning module Settings (58)
[2017.12.13-15.29.29:060][275]LogModuleManager: Shutting down and abandoning module PhysXCooking (56)
[2017.12.13-15.29.29:060][275]LogModuleManager: Shutting down and abandoning module SteamVR (54)
[2017.12.13-15.29.29:060][275]LogModuleManager: Shutting down and abandoning module OculusHMD (52)
[2017.12.13-15.29.29:060][275]LogModuleManager: Shutting down and abandoning module ExampleDeviceProfileSelector (50)
[2017.12.13-15.29.29:060][275]LogModuleManager: Shutting down and abandoning module OnlineBlueprintSupport (48)
[2017.12.13-15.29.29:060][275]LogModuleManager: Shutting down and abandoning module OnlineSubsystem (44)
[2017.12.13-15.29.29:060][275]LogOnline: Display: Unloading online subsystem: NULL
[2017.12.13-15.29.29:060][275]LogModuleManager: Shutting down and abandoning module XMPP (43)
[2017.12.13-15.29.29:060][275]LogModuleManager: Shutting down and abandoning module HTTP (41)
[2017.12.13-15.29.29:060][275]LogHttp: Display: Http module shutting down, but needs to wait on 1 outstanding Http requests:
[2017.12.13-15.29.29:060][275]LogHttp: Display: 	verb=[POST] url=[https://datarouter.ol.epicgames.com/datarouter/api/v1/public/data?SessionID=%7B18E1852B-4BC0-D962-C3F6-88B3C756EE38%7D&AppID=UEEditor.Rocket.Release&AppVersion=4.17.2-3658906%2B%2B%2BUE4%2BRelease-4.17&UserID=41ed778249ed24844dd23d85c474ffb0%7C91600aac168940c7ad6ecd8e89500ac8%7Ccca0cc25-fddf-495d-858a-6ebf4d9a36a6&AppEnvironment=datacollector-binary&UploadType=eteventstream] status=Processing
[2017.12.13-15.29.29:088][275]LogModuleManager: Shutting down and abandoning module SSL (40)
[2017.12.13-15.29.29:090][275]LogModuleManager: Shutting down and abandoning module AnimationModifiers (36)
[2017.12.13-15.29.29:090][275]LogModuleManager: Shutting down and abandoning module PropertyEditor (35)
[2017.12.13-15.29.29:090][275]LogModuleManager: Shutting down and abandoning module AudioEditor (32)
[2017.12.13-15.29.29:091][275]LogModuleManager: Shutting down and abandoning module TextureCompressor (30)
[2017.12.13-15.29.29:091][275]LogModuleManager: Shutting down and abandoning module ShaderCore (28)
[2017.12.13-15.29.29:091][275]LogModuleManager: Shutting down and abandoning module Landscape (26)
[2017.12.13-15.29.29:091][275]LogModuleManager: Shutting down and abandoning module SlateRHIRenderer (24)
[2017.12.13-15.29.29:096][275]LogModuleManager: Shutting down and abandoning module OpenGLDrv (22)
[2017.12.13-15.29.29:096][275]LogModuleManager: Shutting down and abandoning module D3D11RHI (20)
[2017.12.13-15.29.29:096][275]LogModuleManager: Shutting down and abandoning module AnimGraphRuntime (18)
[2017.12.13-15.29.29:096][275]LogModuleManager: Shutting down and abandoning module Renderer (16)
[2017.12.13-15.29.29:096][275]LogModuleManager: Shutting down and abandoning module Engine (14)
[2017.12.13-15.29.29:096][275]LogModuleManager: Shutting down and abandoning module CoreUObject (12)
[2017.12.13-15.29.29:096][275]LogModuleManager: Shutting down and abandoning module NetworkFile (10)
[2017.12.13-15.29.29:096][275]LogModuleManager: Shutting down and abandoning module CookedIterativeFile (8)
[2017.12.13-15.29.29:097][275]LogModuleManager: Shutting down and abandoning module StreamingFile (6)
[2017.12.13-15.29.29:097][275]LogModuleManager: Shutting down and abandoning module SandboxFile (4)
[2017.12.13-15.29.29:097][275]LogModuleManager: Shutting down and abandoning module PakFile (2)
[2017.12.13-15.29.29:098][275]LogExit: Exiting.
[2017.12.13-15.29.29:127][275]Log file closed, 12/13/17 15:29:29
